{"/Users/presleyomozuwa/Desktop/react-testing/src/App.tsx": {"path":"/Users/presleyomozuwa/Desktop/react-testing/src/App.tsx","statementMap":{"0":{"start":{"line":10,"column":2},"end":{"line":16,"column":4}}},"fnMap":{"0":{"name":"App","decl":{"start":{"line":9,"column":9},"end":{"line":9,"column":12}},"loc":{"start":{"line":9,"column":15},"end":{"line":17,"column":1}},"line":9}},"branchMap":{},"s":{"0":0},"f":{"0":0},"b":{}}
,"/Users/presleyomozuwa/Desktop/react-testing/src/Components/Application/Application.tsx": {"path":"/Users/presleyomozuwa/Desktop/react-testing/src/Components/Application/Application.tsx","statementMap":{"0":{"start":{"line":3,"column":20},"end":{"line":36,"column":1}},"1":{"start":{"line":4,"column":4},"end":{"line":35,"column":6}}},"fnMap":{"0":{"name":"(anonymous_0)","decl":{"start":{"line":3,"column":20},"end":{"line":3,"column":21}},"loc":{"start":{"line":3,"column":26},"end":{"line":36,"column":1}},"line":3}},"branchMap":{},"s":{"0":1,"1":1},"f":{"0":1},"b":{},"_coverageSchema":"1a1c01bbd47fc00a2c39e90264f33305004495a9","hash":"dd0707601412c33611f522278e97d3474f891994"}
,"/Users/presleyomozuwa/Desktop/react-testing/src/Components/Counter/Counter.tsx": {"path":"/Users/presleyomozuwa/Desktop/react-testing/src/Components/Counter/Counter.tsx","statementMap":{"0":{"start":{"line":3,"column":16},"end":{"line":11,"column":1}},"1":{"start":{"line":4,"column":30},"end":{"line":4,"column":41}},"2":{"start":{"line":5,"column":4},"end":{"line":10,"column":6}},"3":{"start":{"line":8,"column":35},"end":{"line":8,"column":54}}},"fnMap":{"0":{"name":"(anonymous_0)","decl":{"start":{"line":3,"column":16},"end":{"line":3,"column":17}},"loc":{"start":{"line":3,"column":22},"end":{"line":11,"column":1}},"line":3},"1":{"name":"(anonymous_1)","decl":{"start":{"line":8,"column":29},"end":{"line":8,"column":30}},"loc":{"start":{"line":8,"column":35},"end":{"line":8,"column":54}},"line":8}},"branchMap":{},"s":{"0":1,"1":4,"2":4,"3":1},"f":{"0":4,"1":1},"b":{},"_coverageSchema":"1a1c01bbd47fc00a2c39e90264f33305004495a9","hash":"1c0767b8ac9beb4e46ab8c1cf14510b75276d440"}
,"/Users/presleyomozuwa/Desktop/react-testing/src/Components/Greet/Greet.tsx": {"path":"/Users/presleyomozuwa/Desktop/react-testing/src/Components/Greet/Greet.tsx","statementMap":{"0":{"start":{"line":5,"column":14},"end":{"line":11,"column":1}},"1":{"start":{"line":6,"column":4},"end":{"line":10,"column":6}}},"fnMap":{"0":{"name":"(anonymous_0)","decl":{"start":{"line":5,"column":14},"end":{"line":5,"column":15}},"loc":{"start":{"line":5,"column":37},"end":{"line":11,"column":1}},"line":5}},"branchMap":{},"s":{"0":1,"1":2},"f":{"0":2},"b":{},"_coverageSchema":"1a1c01bbd47fc00a2c39e90264f33305004495a9","hash":"c898889ea6620af6ac6002b75aef5a63dce0bd01"}
,"/Users/presleyomozuwa/Desktop/react-testing/src/Components/Login/Login.tsx": {"path":"/Users/presleyomozuwa/Desktop/react-testing/src/Components/Login/Login.tsx","statementMap":{"0":{"start":{"line":3,"column":14},"end":{"line":9,"column":1}},"1":{"start":{"line":4,"column":4},"end":{"line":8,"column":6}}},"fnMap":{"0":{"name":"(anonymous_0)","decl":{"start":{"line":3,"column":14},"end":{"line":3,"column":15}},"loc":{"start":{"line":3,"column":20},"end":{"line":9,"column":1}},"line":3}},"branchMap":{},"s":{"0":1,"1":1},"f":{"0":1},"b":{},"_coverageSchema":"1a1c01bbd47fc00a2c39e90264f33305004495a9","hash":"93be3fc4c95370dbb828f37f0988df7c056220f7"}
,"/Users/presleyomozuwa/Desktop/react-testing/src/Components/Skill/Skills.tsx": {"path":"/Users/presleyomozuwa/Desktop/react-testing/src/Components/Skill/Skills.tsx","statementMap":{"0":{"start":{"line":7,"column":15},"end":{"line":27,"column":1}},"1":{"start":{"line":8,"column":23},"end":{"line":8,"column":28}},"2":{"start":{"line":9,"column":40},"end":{"line":9,"column":55}},"3":{"start":{"line":11,"column":4},"end":{"line":15,"column":10}},"4":{"start":{"line":12,"column":8},"end":{"line":14,"column":15}},"5":{"start":{"line":13,"column":12},"end":{"line":13,"column":32}},"6":{"start":{"line":17,"column":4},"end":{"line":26,"column":6}},"7":{"start":{"line":20,"column":16},"end":{"line":22,"column":17}},"8":{"start":{"line":24,"column":85},"end":{"line":24,"column":104}}},"fnMap":{"0":{"name":"(anonymous_0)","decl":{"start":{"line":7,"column":15},"end":{"line":7,"column":16}},"loc":{"start":{"line":7,"column":39},"end":{"line":27,"column":1}},"line":7},"1":{"name":"(anonymous_1)","decl":{"start":{"line":11,"column":14},"end":{"line":11,"column":15}},"loc":{"start":{"line":11,"column":20},"end":{"line":15,"column":5}},"line":11},"2":{"name":"(anonymous_2)","decl":{"start":{"line":12,"column":19},"end":{"line":12,"column":20}},"loc":{"start":{"line":12,"column":25},"end":{"line":14,"column":9}},"line":12},"3":{"name":"(anonymous_3)","decl":{"start":{"line":19,"column":24},"end":{"line":19,"column":25}},"loc":{"start":{"line":19,"column":42},"end":{"line":23,"column":13}},"line":19},"4":{"name":"(anonymous_4)","decl":{"start":{"line":24,"column":79},"end":{"line":24,"column":80}},"loc":{"start":{"line":24,"column":85},"end":{"line":24,"column":104}},"line":24}},"branchMap":{"0":{"loc":{"start":{"line":24,"column":13},"end":{"line":24,"column":120}},"type":"cond-expr","locations":[{"start":{"line":24,"column":28},"end":{"line":24,"column":59}},{"start":{"line":24,"column":62},"end":{"line":24,"column":120}}],"line":24}},"s":{"0":1,"1":6,"2":6,"3":6,"4":5,"5":5,"6":6,"7":18,"8":0},"f":{"0":6,"1":5,"2":5,"3":18,"4":0},"b":{"0":[1,5]},"_coverageSchema":"1a1c01bbd47fc00a2c39e90264f33305004495a9","hash":"ed185c7cbc7a3e0112bb0b60891a6b844c7bf5c1"}
}
